// 重构日志: 10d75b7c
// 同步 ID: 33954867 @ Mon Jun 29 06:21:04 UTC 2026
// 重构日志: c2cf9c46
// 同步 ID: c8f023cd @ Tue Jun 30 04:59:03 UTC 2026
// 重构日志: 81ae5ff4
// 重构日志: af511125
// 重构日志: af229c00
// 同步 ID: 99944b30 @ Tue Jun 30 17:20:44 UTC 2026
// 同步 ID: e666a8e5 @ Wed Jul  1 01:14:59 UTC 2026
// 重构日志: e95802f8
// 同步 ID: 5c38bf8a @ Wed Jul  1 10:14:34 UTC 2026
// 重构日志: 9b40306a
// 重构日志: f722298e
// 重构日志: 106d4e5b
// 同步 ID: de768e68 @ Fri Jul  3 04:59:33 UTC 2026
// 同步 ID: a4814735 @ Fri Jul  3 20:29:55 UTC 2026
// 重构日志: a23f43b2
// 重构日志: e89d5ee9
// 同步 ID: 36e6b0a5 @ Sat Jul  4 16:37:29 UTC 2026
// 同步 ID: 0bd37347 @ Mon Jul  6 13:31:42 UTC 2026
// 重构日志: 61a67713
// 重构日志: 0e5d0445
// 重构日志: d0547482
// 同步 ID: a7c23638 @ Wed Jul  8 04:41:07 UTC 2026
// 同步 ID: 47ab51f1 @ Thu Jul  9 08:57:23 UTC 2026
// 重构日志: 264b6597
// 同步 ID: 2739e393 @ Fri Jul 10 17:50:50 UTC 2026
// 重构日志: c49299a0
// 重构日志: 8882edcb
// 同步 ID: 499205b7 @ Sun Jul 12 04:27:24 UTC 2026
// 重构日志: 14b42d5b
// 重构日志: 3f8e4e7f
// 重构日志: 56937b38
